<?xml version="1.0" encoding="UTF-8"?>
<testsuite name="Automatizar pruebas en la pagina Rayitos de Sol" tests="1" skipped="0" failures="0" errors="0" timestamp="2025-03-02T21:02:50" hostname="MPC-7600" time="7.273">
  <properties/>
  <testcase name="Verificar el servicio de contactenos" classname="Automatizar pruebas en la pagina Rayitos de Sol" time="7.273"/>
  <system-out><![CDATA[]]></system-out>
  <system-err><![CDATA[SLF4J(W): No SLF4J providers were found.
SLF4J(W): Defaulting to no-operation (NOP) logger implementation
SLF4J(W): See https://www.slf4j.org/codes.html#noProviders for further details.
]]></system-err>
</testsuite>
